Unity Editor version:    2020.3.31f1 (6b54b7616050)
Branch:                  2020.3/release
Build type:              Release
Batch mode:              YES
macOS version:           Version 12.3 (Build 21E230)
Darwin version:          21.4.0
Architecture:            x86_64
Running under Rosetta:   NO
Available memory:        8192 MB
Using pre-set license
Pro License: NO

COMMAND LINE ARGUMENTS:
/Applications/Unity/Hub/Editor/2020.3.31f1/Unity.app/Contents/MacOS/Unity
-adb2
-batchMode
-noUpm
-name
AssetImportWorker0
-projectPath
/Users/paigekaylor/Desktop/CPI_211_Final_Game/Gladiator-Game/Gladiator Game
-logFile
Logs/AssetImportWorker0.log
-srvPort
53502
Successfully changed project path to: /Users/paigekaylor/Desktop/CPI_211_Final_Game/Gladiator-Game/Gladiator Game
/Users/paigekaylor/Desktop/CPI_211_Final_Game/Gladiator-Game/Gladiator Game
Using Asset Import Pipeline V2.
Refreshing native plugins compatible for Editor in 53.97 ms, found 2 plugins.
Preloading 0 native plugins for Editor in 0.00 ms.
Initialize engine version: 2020.3.31f1 (6b54b7616050)
[Subsystems] Discovering subsystems at path /Applications/Unity/Hub/Editor/2020.3.31f1/Unity.app/Contents/Resources/UnitySubsystems
[Subsystems] Discovering subsystems at path /Users/paigekaylor/Desktop/CPI_211_Final_Game/Gladiator-Game/Gladiator Game/Assets
GfxDevice: creating device client; threaded=0
2022-04-17 18:23:44.426 Unity[70376:5603010] Color LCD preferred device: Intel(R) Iris(TM) Plus Graphics 655 (low power)
2022-04-17 18:23:44.426 Unity[70376:5603010] Metal devices available: 1
2022-04-17 18:23:44.426 Unity[70376:5603010] 0: Intel(R) Iris(TM) Plus Graphics 655 (low power)
2022-04-17 18:23:44.426 Unity[70376:5603010] Using device Intel(R) Iris(TM) Plus Graphics 655 (low power)
Initializing Metal device caps: Intel(R) Iris(TM) Plus Graphics 655
Initialize mono
Mono path[0] = '/Applications/Unity/Hub/Editor/2020.3.31f1/Unity.app/Contents/Managed'
Mono path[1] = '/Applications/Unity/Hub/Editor/2020.3.31f1/Unity.app/Contents/MonoBleedingEdge/lib/mono/unityjit'
Mono config path = '/Applications/Unity/Hub/Editor/2020.3.31f1/Unity.app/Contents/MonoBleedingEdge/etc'
Using monoOptions --debugger-agent=transport=dt_socket,embedding=1,server=y,suspend=n,address=127.0.0.1:56376
Begin MonoManager ReloadAssembly
Registering precompiled unity dll's ...
Register platform support module: /Applications/Unity/Hub/Editor/2020.3.31f1/Unity.app/Contents/PlaybackEngines/MacStandaloneSupport/UnityEditor.OSXStandalone.Extensions.dll
Registered in 0.002233 seconds.
Native extension for OSXStandalone target not found
Refreshing native plugins compatible for Editor in 58.27 ms, found 2 plugins.
Preloading 0 native plugins for Editor in 0.00 ms.
Mono: successfully reloaded assembly
- Completed reload, in  0.727 seconds
Domain Reload Profiling:
	ReloadAssembly (727ms)
		BeginReloadAssembly (88ms)
			ExecutionOrderSort (0ms)
			DisableScriptedObjects (0ms)
			BackupInstance (0ms)
			ReleaseScriptingObjects (0ms)
			CreateAndSetChildDomain (1ms)
		EndReloadAssembly (559ms)
			LoadAssemblies (89ms)
			RebuildTransferFunctionScriptingTraits (0ms)
			SetupTypeCache (194ms)
			ReleaseScriptCaches (0ms)
			RebuildScriptCaches (39ms)
			SetupLoadedEditorAssemblies (230ms)
				LogAssemblyErrors (0ms)
				InitializePlatformSupportModulesInManaged (5ms)
				SetLoadedEditorAssemblies (0ms)
				RefreshPlugins (58ms)
				BeforeProcessingInitializeOnLoad (33ms)
				ProcessInitializeOnLoadAttributes (102ms)
				ProcessInitializeOnLoadMethodAttributes (31ms)
				AfterProcessingInitializeOnLoad (0ms)
				EditorAssembliesLoaded (0ms)
			ExecutionOrderSort2 (0ms)
			AwakeInstancesAfterBackupRestoration (0ms)
Platform modules already initialized, skipping
Registering precompiled user dll's ...
Registered in 0.009074 seconds.
Begin MonoManager ReloadAssembly
Native extension for OSXStandalone target not found
Refreshing native plugins compatible for Editor in 57.18 ms, found 2 plugins.
Preloading 0 native plugins for Editor in 0.00 ms.
Mono: successfully reloaded assembly
- Completed reload, in  1.335 seconds
Domain Reload Profiling:
	ReloadAssembly (1336ms)
		BeginReloadAssembly (165ms)
			ExecutionOrderSort (0ms)
			DisableScriptedObjects (6ms)
			BackupInstance (0ms)
			ReleaseScriptingObjects (0ms)
			CreateAndSetChildDomain (28ms)
		EndReloadAssembly (1102ms)
			LoadAssemblies (119ms)
			RebuildTransferFunctionScriptingTraits (0ms)
			SetupTypeCache (398ms)
			ReleaseScriptCaches (1ms)
			RebuildScriptCaches (64ms)
			SetupLoadedEditorAssemblies (382ms)
				LogAssemblyErrors (0ms)
				InitializePlatformSupportModulesInManaged (4ms)
				SetLoadedEditorAssemblies (0ms)
				RefreshPlugins (57ms)
				BeforeProcessingInitializeOnLoad (87ms)
				ProcessInitializeOnLoadAttributes (219ms)
				ProcessInitializeOnLoadMethodAttributes (14ms)
				AfterProcessingInitializeOnLoad (1ms)
				EditorAssembliesLoaded (0ms)
			ExecutionOrderSort2 (0ms)
			AwakeInstancesAfterBackupRestoration (7ms)
Platform modules already initialized, skipping
Validating Project structure ... 0.003270 seconds.
Shader import version has changed; will reimport all shaders...
Upgrading shader files ...0.022469 seconds.
Application.AssetDatabase Initial Script Refresh Start
RefreshInfo: InitialScriptRefreshV2(NoUpdateAssetOptions) scanfilter:  ... 1 filters
RefreshProfiler: Total: 0.000ms
Application.AssetDatabase Initial Script Refresh End
Application.AssetDatabase.Refresh Start
Application.AssetDatabase.Refresh End
RefreshInfo: StopAssetImportingV2(ForceSynchronousImport) scanfilter: 
RefreshProfiler: Total: 0.000ms
Launching external process: /Applications/Unity/Hub/Editor/2020.3.31f1/Unity.app/Contents/Tools/UnityShaderCompiler
Launched and connected shader compiler UnityShaderCompiler after 0.01 seconds
Initializing Unity extensions:
2022-04-17 18:23:48.848 Unity[70376:5603010] NSEventModifierFlagFunction specified to -setKeyEquivalentModifierMask: for item <NSMenuItem: 0x600000d0b330 Font Asset, ke='Command-F12'>, but is only supported for system-provided menu items; will not be used
2022-04-17 18:23:48.852 Unity[70376:5603010] NSEventModifierFlagFunction specified to -setKeyEquivalentModifierMask: for item <NSMenuItem: 0x600000d3e6f0 Font Asset, ke='Command-F12'>, but is only supported for system-provided menu items; will not be used
========================================================================
Worker process is ready to serve import requests
Refreshing native plugins compatible for Editor in 0.48 ms, found 2 plugins.
Preloading 0 native plugins for Editor in 0.00 ms.
Unloading 2846 Unused Serialized files (Serialized files now loaded: 0)
System memory in use before: 257.8 MB.
System memory in use after: 257.7 MB.

Unloading 129 unused Assets to reduce memory usage. Loaded Objects now: 3323.
Total: 3.466073 ms (FindLiveObjects: 0.213979 ms CreateObjectMapping: 0.139287 ms MarkObjects: 2.893594 ms  DeleteObjects: 0.218545 ms)

AssetImportParameters requested are different than current active one (requested -> active):
  custom:video-decoder-ogg-theora: a1e56fd34408186e4bbccfd4996cb3dc -> 
  custom:container-muxer-webm: aa71ff27fc2769a1b78a27578f13a17b -> 
  custom:container-demuxer-webm: 4f35f7cbe854078d1ac9338744f61a02 -> 
  custom:container-demuxer-ogg: 62fdf1f143b41e24485cea50d1cbac27 -> 
  custom:video-encoder-webm-vp8: eb34c28f22e8b96e1ab97ce403110664 -> 
  custom:framework-osx-AVFoundation: e770b220cccbd017edd2c1fefb359320 -> 
  custom:video-decoder-webm-vp8: 9c59270c3fd7afecdb556c50c9e8de78 -> 
  custom:audio-decoder-ogg-vorbis: bf7c407c2cedff20999df2af8eb42d56 -> 
  custom:audio-encoder-webm-vorbis: bf7c407c2cedff20999df2af8eb42d56 -> 
========================================================================
Received Import Request.
  path: Assets/Art/Materials/Textures/walls_vol1/wall01/wall01_Ambient_Occlusion.tga
  artifactKey: Guid(02688a2935cdc6c46958f875a1fd75ff) Importer(815301076,1909f56bfc062723c751e8b465ee728b)
Start importing Assets/Art/Materials/Textures/walls_vol1/wall01/wall01_Ambient_Occlusion.tga using Guid(02688a2935cdc6c46958f875a1fd75ff) Importer(815301076,1909f56bfc062723c751e8b465ee728b)  -> (artifact id: '4e0f7427cb437feedf5069df073a8632') in 1.102405 seconds 
========================================================================
Received Import Request.
  Time since last request: 0.000674 seconds.
  path: Assets/Art/Materials/Textures/walls_vol1/wall01/wall01_Diffuse.tga
  artifactKey: Guid(9ca825f719c0b9743a8ab7e7f3adb42c) Importer(815301076,1909f56bfc062723c751e8b465ee728b)
Start importing Assets/Art/Materials/Textures/walls_vol1/wall01/wall01_Diffuse.tga using Guid(9ca825f719c0b9743a8ab7e7f3adb42c) Importer(815301076,1909f56bfc062723c751e8b465ee728b)  -> (artifact id: '5f1cf0c222cfc2e611adf64e4c3ec927') in 0.026028 seconds 
========================================================================
Received Import Request.
  Time since last request: 0.000245 seconds.
  path: Assets/Art/Materials/Textures/walls_vol1/wall01/wall01_Height.tga
  artifactKey: Guid(d6ff921a849e33a4a926225c2e5b650a) Importer(815301076,1909f56bfc062723c751e8b465ee728b)
Start importing Assets/Art/Materials/Textures/walls_vol1/wall01/wall01_Height.tga using Guid(d6ff921a849e33a4a926225c2e5b650a) Importer(815301076,1909f56bfc062723c751e8b465ee728b)  -> (artifact id: '08e87002b7f3b780773190facb00eecf') in 0.042859 seconds 
========================================================================
Received Import Request.
  Time since last request: 0.000358 seconds.
  path: Assets/Art/Materials/Textures/walls_vol1/wall01/wall01_Metallic.tga
  artifactKey: Guid(fa49c1e9476a76541b604e2c0bb13a89) Importer(815301076,1909f56bfc062723c751e8b465ee728b)
Start importing Assets/Art/Materials/Textures/walls_vol1/wall01/wall01_Metallic.tga using Guid(fa49c1e9476a76541b604e2c0bb13a89) Importer(815301076,1909f56bfc062723c751e8b465ee728b)  -> (artifact id: '40a3a174af82d750c704f7a796b209a4') in 0.023000 seconds 
========================================================================
Received Import Request.
  Time since last request: 0.000247 seconds.
  path: Assets/Art/Materials/Textures/walls_vol1/wall01/wall01.mat
  artifactKey: Guid(96dae2f09f54868408f904428548d00f) Importer(815301076,1909f56bfc062723c751e8b465ee728b)
Start importing Assets/Art/Materials/Textures/walls_vol1/wall01/wall01.mat using Guid(96dae2f09f54868408f904428548d00f) Importer(815301076,1909f56bfc062723c751e8b465ee728b)  -> (artifact id: '62f08ebff6f31356ae36cabbbc8bfebc') in 1.029287 seconds 
========================================================================
Received Import Request.
  Time since last request: 0.000291 seconds.
  path: Assets/Art/Materials/Textures
  artifactKey: Guid(a2c1b07934ca642debbd5b83f15eab14) Importer(815301076,1909f56bfc062723c751e8b465ee728b)
Start importing Assets/Art/Materials/Textures using Guid(a2c1b07934ca642debbd5b83f15eab14) Importer(815301076,1909f56bfc062723c751e8b465ee728b)  -> (artifact id: '9295461905b645029365f8cc99f80a47') in 0.000957 seconds 
========================================================================
Received Import Request.
  Time since last request: 0.000265 seconds.
  path: Assets/Art/Materials/Textures/walls_vol1/wall01/wall01_Normal.tga
  artifactKey: Guid(b9bb0b2f50a46374f89e3649b7f65f63) Importer(815301076,1909f56bfc062723c751e8b465ee728b)
Start importing Assets/Art/Materials/Textures/walls_vol1/wall01/wall01_Normal.tga using Guid(b9bb0b2f50a46374f89e3649b7f65f63) Importer(815301076,1909f56bfc062723c751e8b465ee728b)  -> (artifact id: 'cd2c364163054208573f750eed209f6b') in 0.016765 seconds 
========================================================================
Received Import Request.
  Time since last request: 0.000264 seconds.
  path: Assets/Art/Materials/Textures/walls_vol1/wall01
  artifactKey: Guid(8116826c657ad734b841dc3d9a3d35f2) Importer(815301076,1909f56bfc062723c751e8b465ee728b)
Start importing Assets/Art/Materials/Textures/walls_vol1/wall01 using Guid(8116826c657ad734b841dc3d9a3d35f2) Importer(815301076,1909f56bfc062723c751e8b465ee728b)  -> (artifact id: '3c4ddc839af57abea217afcb33f608e3') in 0.001005 seconds 
========================================================================
Received Import Request.
  Time since last request: 0.000270 seconds.
  path: Assets/Art/Materials/Textures/walls_vol1/wall01/wall01b.mat
  artifactKey: Guid(037c10e8a9c9c5e47a726216732d17d8) Importer(815301076,1909f56bfc062723c751e8b465ee728b)
Start importing Assets/Art/Materials/Textures/walls_vol1/wall01/wall01b.mat using Guid(037c10e8a9c9c5e47a726216732d17d8) Importer(815301076,1909f56bfc062723c751e8b465ee728b)  -> (artifact id: '71e6e0593908980ccc0ecc8cc07e539f') in 0.077504 seconds 
========================================================================
Received Import Request.
  Time since last request: 0.000223 seconds.
  path: Assets/Art/Materials/Textures/walls_vol1
  artifactKey: Guid(3c2912ccb4252b943ac1a67c39192cbc) Importer(815301076,1909f56bfc062723c751e8b465ee728b)
Start importing Assets/Art/Materials/Textures/walls_vol1 using Guid(3c2912ccb4252b943ac1a67c39192cbc) Importer(815301076,1909f56bfc062723c751e8b465ee728b)  -> (artifact id: 'f50eebe9e4b40ff4a86752cf9b992adb') in 0.000849 seconds 
========================================================================
Received Import Request.
  Time since last request: 187.303121 seconds.
  path: Assets/Art/Materials/Textures/walls_vol1/wall04/wall04.mat
  artifactKey: Guid(b7efee39c51e1c94f9e535a8e6edb43b) Importer(815301076,1909f56bfc062723c751e8b465ee728b)
Start importing Assets/Art/Materials/Textures/walls_vol1/wall04/wall04.mat using Guid(b7efee39c51e1c94f9e535a8e6edb43b) Importer(815301076,1909f56bfc062723c751e8b465ee728b)  -> (artifact id: '1ee7ff1c69d475be5b49bbb9b9ab4ff5') in 0.029528 seconds 
========================================================================
Received Import Request.
  Time since last request: 0.000335 seconds.
  path: Assets/Art/Materials/Textures/walls_vol1/wall04/wall04_Ambient_Occlusion.tga
  artifactKey: Guid(f3179584e2bb95447990091b79e23249) Importer(815301076,1909f56bfc062723c751e8b465ee728b)
Start importing Assets/Art/Materials/Textures/walls_vol1/wall04/wall04_Ambient_Occlusion.tga using Guid(f3179584e2bb95447990091b79e23249) Importer(815301076,1909f56bfc062723c751e8b465ee728b)  -> (artifact id: 'b2001fd8515bd84cd6209769951b48fd') in 0.013750 seconds 
========================================================================
Received Import Request.
  Time since last request: 0.001244 seconds.
  path: Assets/Art/Materials/Textures/walls_vol1/wall04/wall04_Height.tga
  artifactKey: Guid(3941732a60431e841bc6108f493ac81d) Importer(815301076,1909f56bfc062723c751e8b465ee728b)
Start importing Assets/Art/Materials/Textures/walls_vol1/wall04/wall04_Height.tga using Guid(3941732a60431e841bc6108f493ac81d) Importer(815301076,1909f56bfc062723c751e8b465ee728b)  -> (artifact id: '1fdc8c3d2c36ef737b2d77e0feeb3d21') in 0.029283 seconds 
========================================================================
Received Import Request.
  Time since last request: 0.000318 seconds.
  path: Assets/Art/Materials/Textures/walls_vol1/wall04/wall04b.mat
  artifactKey: Guid(f1a8571c3ef3f4d46bbdfb8b2ecdec74) Importer(815301076,1909f56bfc062723c751e8b465ee728b)
Start importing Assets/Art/Materials/Textures/walls_vol1/wall04/wall04b.mat using Guid(f1a8571c3ef3f4d46bbdfb8b2ecdec74) Importer(815301076,1909f56bfc062723c751e8b465ee728b)  -> (artifact id: 'bfa86b9c9193d2dc0f702ae001500308') in 0.043091 seconds 
========================================================================
Received Import Request.
  Time since last request: 0.000506 seconds.
  path: Assets/Art/Materials/Textures/walls_vol1/wall04/wall04_Diffuse.tga
  artifactKey: Guid(2a681bf3b6783434db82bcad6167594b) Importer(815301076,1909f56bfc062723c751e8b465ee728b)
Start importing Assets/Art/Materials/Textures/walls_vol1/wall04/wall04_Diffuse.tga using Guid(2a681bf3b6783434db82bcad6167594b) Importer(815301076,1909f56bfc062723c751e8b465ee728b)  -> (artifact id: '06ac5528f6629e1ee162b44582cdc634') in 0.013645 seconds 
========================================================================
Received Import Request.
  Time since last request: 0.000342 seconds.
  path: Assets/Art/Materials/Textures/walls_vol1/wall04/wall04_Metallic.tga
  artifactKey: Guid(0804ef8e97ba3df4daa3323ced5cf688) Importer(815301076,1909f56bfc062723c751e8b465ee728b)
Start importing Assets/Art/Materials/Textures/walls_vol1/wall04/wall04_Metallic.tga using Guid(0804ef8e97ba3df4daa3323ced5cf688) Importer(815301076,1909f56bfc062723c751e8b465ee728b)  -> (artifact id: 'b55f397716cb73c108d055b398ac802b') in 0.016688 seconds 
========================================================================
Received Import Request.
  Time since last request: 0.000392 seconds.
  path: Assets/Art/Materials/Textures/walls_vol1/wall04/wall04_Normal.tga
  artifactKey: Guid(ca579d8e5d5cfa34497f649a583c86d5) Importer(815301076,1909f56bfc062723c751e8b465ee728b)
Start importing Assets/Art/Materials/Textures/walls_vol1/wall04/wall04_Normal.tga using Guid(ca579d8e5d5cfa34497f649a583c86d5) Importer(815301076,1909f56bfc062723c751e8b465ee728b)  -> (artifact id: '1ef7c4463915f747c623257f11133af1') in 0.019162 seconds 
========================================================================
Received Import Request.
  Time since last request: 4.007921 seconds.
  path: Assets/Art/Materials/Textures/walls_vol1/wall09/wall09.mat
  artifactKey: Guid(1e23b2d236a58f040968acd05c361bce) Importer(815301076,1909f56bfc062723c751e8b465ee728b)
Start importing Assets/Art/Materials/Textures/walls_vol1/wall09/wall09.mat using Guid(1e23b2d236a58f040968acd05c361bce) Importer(815301076,1909f56bfc062723c751e8b465ee728b)  -> (artifact id: '9b8f93a732ebd457342375eca3ec47a4') in 0.030097 seconds 
========================================================================
Received Import Request.
  Time since last request: 0.000363 seconds.
  path: Assets/Art/Materials/Textures/walls_vol1/wall09/wall09_Ambient_Occlusion.tga
  artifactKey: Guid(183cde0c690073347ba94ddd13edc9dd) Importer(815301076,1909f56bfc062723c751e8b465ee728b)
Start importing Assets/Art/Materials/Textures/walls_vol1/wall09/wall09_Ambient_Occlusion.tga using Guid(183cde0c690073347ba94ddd13edc9dd) Importer(815301076,1909f56bfc062723c751e8b465ee728b)  -> (artifact id: '4210d954d8edcd2b60f7dee2d4613fc1') in 0.013957 seconds 
========================================================================
Received Import Request.
  Time since last request: 0.001210 seconds.
  path: Assets/Art/Materials/Textures/walls_vol1/wall09/wall09_Normal.tga
  artifactKey: Guid(fb7364a89ab4a114a89a472f8a4c189e) Importer(815301076,1909f56bfc062723c751e8b465ee728b)
Start importing Assets/Art/Materials/Textures/walls_vol1/wall09/wall09_Normal.tga using Guid(fb7364a89ab4a114a89a472f8a4c189e) Importer(815301076,1909f56bfc062723c751e8b465ee728b)  -> (artifact id: 'e06caf5fd7c384792d69f6f5f74e516f') in 0.037102 seconds 
========================================================================
Received Import Request.
  Time since last request: 0.000373 seconds.
  path: Assets/Art/Materials/Textures/walls_vol1/wall09/wall09_Diffuse.tga
  artifactKey: Guid(987c676a3fac2524b871781701f8fbb8) Importer(815301076,1909f56bfc062723c751e8b465ee728b)
Start importing Assets/Art/Materials/Textures/walls_vol1/wall09/wall09_Diffuse.tga using Guid(987c676a3fac2524b871781701f8fbb8) Importer(815301076,1909f56bfc062723c751e8b465ee728b)  -> (artifact id: 'a2f26013ca151b69a0d9ee366903408a') in 0.019511 seconds 
========================================================================
Received Import Request.
  Time since last request: 0.000318 seconds.
  path: Assets/Art/Materials/Textures/walls_vol1/wall09/wall09b.mat
  artifactKey: Guid(59cf63250acfc334288c35253c616d40) Importer(815301076,1909f56bfc062723c751e8b465ee728b)
Start importing Assets/Art/Materials/Textures/walls_vol1/wall09/wall09b.mat using Guid(59cf63250acfc334288c35253c616d40) Importer(815301076,1909f56bfc062723c751e8b465ee728b)  -> (artifact id: '00c5db1032fe4de1f1111798e4fef8ef') in 0.020936 seconds 
========================================================================
Received Import Request.
  Time since last request: 0.000238 seconds.
  path: Assets/Art/Materials/Textures/walls_vol1/wall09/wall09_Metallic.tga
  artifactKey: Guid(abbe972051d82d24fbf65e4d32640994) Importer(815301076,1909f56bfc062723c751e8b465ee728b)
Start importing Assets/Art/Materials/Textures/walls_vol1/wall09/wall09_Metallic.tga using Guid(abbe972051d82d24fbf65e4d32640994) Importer(815301076,1909f56bfc062723c751e8b465ee728b)  -> (artifact id: '6271b83c8a1dee52046970727c39d99e') in 0.011692 seconds 
========================================================================
Received Import Request.
  Time since last request: 0.000188 seconds.
  path: Assets/Art/Materials/Textures/walls_vol1/wall09/wall09_Height.tga
  artifactKey: Guid(eeb5023dec351b14dad732085a5642db) Importer(815301076,1909f56bfc062723c751e8b465ee728b)
Start importing Assets/Art/Materials/Textures/walls_vol1/wall09/wall09_Height.tga using Guid(eeb5023dec351b14dad732085a5642db) Importer(815301076,1909f56bfc062723c751e8b465ee728b)  -> (artifact id: '85bbd195e5395910e4d65ed988e70cfb') in 0.011169 seconds 
========================================================================
Received Import Request.
  Time since last request: 114.818928 seconds.
  path: Assets/Art/Materials/Textures/walls_vol1/wall12/wall12.mat
  artifactKey: Guid(19384859089e5ee4f99e102652ee3484) Importer(815301076,1909f56bfc062723c751e8b465ee728b)
Start importing Assets/Art/Materials/Textures/walls_vol1/wall12/wall12.mat using Guid(19384859089e5ee4f99e102652ee3484) Importer(815301076,1909f56bfc062723c751e8b465ee728b)  -> (artifact id: '16656c37f8367923d6cd36083d811896') in 0.055483 seconds 
========================================================================
Received Import Request.
  Time since last request: 0.000318 seconds.
  path: Assets/Art/Materials/Textures/walls_vol1/wall12/wall12_Normal.tga
  artifactKey: Guid(67002c8fd947a8d4c9017254114f56ec) Importer(815301076,1909f56bfc062723c751e8b465ee728b)
Start importing Assets/Art/Materials/Textures/walls_vol1/wall12/wall12_Normal.tga using Guid(67002c8fd947a8d4c9017254114f56ec) Importer(815301076,1909f56bfc062723c751e8b465ee728b)  -> (artifact id: 'e0c46c1a14eda80d1a1d54e238e88924') in 0.022664 seconds 
========================================================================
Received Import Request.
  Time since last request: 0.000250 seconds.
  path: Assets/Art/Materials/Textures/walls_vol1/wall12/wall12_Diffuse.tga
  artifactKey: Guid(23308d3000e86ca488c5c85a60d60b44) Importer(815301076,1909f56bfc062723c751e8b465ee728b)
Start importing Assets/Art/Materials/Textures/walls_vol1/wall12/wall12_Diffuse.tga using Guid(23308d3000e86ca488c5c85a60d60b44) Importer(815301076,1909f56bfc062723c751e8b465ee728b)  -> (artifact id: 'e399fa036ce8bb24cae9d7d309e1d58d') in 0.024328 seconds 
========================================================================
Received Import Request.
  Time since last request: 0.000337 seconds.
  path: Assets/Art/Materials/Textures/walls_vol1/wall12/wall12_Height.tga
  artifactKey: Guid(d01782098eac39f47b32fd9498f91f17) Importer(815301076,1909f56bfc062723c751e8b465ee728b)
Start importing Assets/Art/Materials/Textures/walls_vol1/wall12/wall12_Height.tga using Guid(d01782098eac39f47b32fd9498f91f17) Importer(815301076,1909f56bfc062723c751e8b465ee728b)  -> (artifact id: '77d91178e2a5b53c7a0f9e5b0f79057f') in 0.016677 seconds 
========================================================================
Received Import Request.
  Time since last request: 0.000294 seconds.
  path: Assets/Art/Materials/Textures/walls_vol1/wall12/wall12_Metallic.tga
  artifactKey: Guid(2ab4dd45e7e5f9945ba383b32b126d8a) Importer(815301076,1909f56bfc062723c751e8b465ee728b)
Start importing Assets/Art/Materials/Textures/walls_vol1/wall12/wall12_Metallic.tga using Guid(2ab4dd45e7e5f9945ba383b32b126d8a) Importer(815301076,1909f56bfc062723c751e8b465ee728b)  -> (artifact id: 'cf0094e1797bbd8c52126dca0a77c2b8') in 0.019517 seconds 
========================================================================
Received Import Request.
  Time since last request: 0.000242 seconds.
  path: Assets/Art/Materials/Textures/walls_vol1/wall12/wall12b.mat
  artifactKey: Guid(40d59d21d94966945a48585c0be381b3) Importer(815301076,1909f56bfc062723c751e8b465ee728b)
Start importing Assets/Art/Materials/Textures/walls_vol1/wall12/wall12b.mat using Guid(40d59d21d94966945a48585c0be381b3) Importer(815301076,1909f56bfc062723c751e8b465ee728b)  -> (artifact id: '59f9b29c8518bfce8897628c7071d849') in 0.029524 seconds 
========================================================================
Received Import Request.
  Time since last request: 0.000237 seconds.
  path: Assets/Art/Materials/Textures/walls_vol1/wall12/wall12_Ambient_Occlusion.tga
  artifactKey: Guid(8e0979ec6a0df8b498d2711f1fc56d93) Importer(815301076,1909f56bfc062723c751e8b465ee728b)
Start importing Assets/Art/Materials/Textures/walls_vol1/wall12/wall12_Ambient_Occlusion.tga using Guid(8e0979ec6a0df8b498d2711f1fc56d93) Importer(815301076,1909f56bfc062723c751e8b465ee728b)  -> (artifact id: '6ef96f8211ccc3d4cc72d8526e7b7a18') in 0.030022 seconds 
========================================================================
Received Import Request.
  Time since last request: 2.744776 seconds.
  path: Assets/Art/Materials/Textures/walls_vol1/wall15/wall15.mat
  artifactKey: Guid(29f48cc2a8ed8f448a8579bc2c980c38) Importer(815301076,1909f56bfc062723c751e8b465ee728b)
Start importing Assets/Art/Materials/Textures/walls_vol1/wall15/wall15.mat using Guid(29f48cc2a8ed8f448a8579bc2c980c38) Importer(815301076,1909f56bfc062723c751e8b465ee728b)  -> (artifact id: 'ba2b752deb59e0061b6a940b36e9fdc9') in 0.039749 seconds 
========================================================================
Received Import Request.
  Time since last request: 0.000321 seconds.
  path: Assets/Art/Materials/Textures/walls_vol1/wall15/wall15_Normal.tga
  artifactKey: Guid(e6ee6a5b871248f4a87782fc52048879) Importer(815301076,1909f56bfc062723c751e8b465ee728b)
Start importing Assets/Art/Materials/Textures/walls_vol1/wall15/wall15_Normal.tga using Guid(e6ee6a5b871248f4a87782fc52048879) Importer(815301076,1909f56bfc062723c751e8b465ee728b)  -> (artifact id: '8788dedd227e478b8d4c55620a59dbfd') in 0.030758 seconds 
========================================================================
Received Import Request.
  Time since last request: 0.000424 seconds.
  path: Assets/Art/Materials/Textures/walls_vol1/wall15/wall15_Height.tga
  artifactKey: Guid(ed16d64224c5b574e9ac4c54d9552c41) Importer(815301076,1909f56bfc062723c751e8b465ee728b)
Start importing Assets/Art/Materials/Textures/walls_vol1/wall15/wall15_Height.tga using Guid(ed16d64224c5b574e9ac4c54d9552c41) Importer(815301076,1909f56bfc062723c751e8b465ee728b)  -> (artifact id: '0bfcc85d834c2cd994eb242007ef1088') in 0.035731 seconds 
========================================================================
Received Import Request.
  Time since last request: 0.000339 seconds.
  path: Assets/Art/Materials/Textures/walls_vol1/wall15/wall15_Diffuse.tga
  artifactKey: Guid(b37399ebfc7c86545ae7e9fdd35aead8) Importer(815301076,1909f56bfc062723c751e8b465ee728b)
Start importing Assets/Art/Materials/Textures/walls_vol1/wall15/wall15_Diffuse.tga using Guid(b37399ebfc7c86545ae7e9fdd35aead8) Importer(815301076,1909f56bfc062723c751e8b465ee728b)  -> (artifact id: 'd3648e527c05e23b6dad436358a9c12d') in 0.017592 seconds 
========================================================================
Received Import Request.
  Time since last request: 0.000358 seconds.
  path: Assets/Art/Materials/Textures/walls_vol1/wall15/wall15b.mat
  artifactKey: Guid(b64f712a7e888764cbee13b7c9f68cf3) Importer(815301076,1909f56bfc062723c751e8b465ee728b)
Start importing Assets/Art/Materials/Textures/walls_vol1/wall15/wall15b.mat using Guid(b64f712a7e888764cbee13b7c9f68cf3) Importer(815301076,1909f56bfc062723c751e8b465ee728b)  -> (artifact id: 'f7ddcac9abc8cac984b9d3b4ab2b9ab3') in 0.028471 seconds 
========================================================================
Received Import Request.
  Time since last request: 0.000324 seconds.
  path: Assets/Art/Materials/Textures/walls_vol1/wall15/wall15_Metallic.tga
  artifactKey: Guid(bf806fc6dbd97274bb65e8f45bbffc57) Importer(815301076,1909f56bfc062723c751e8b465ee728b)
Start importing Assets/Art/Materials/Textures/walls_vol1/wall15/wall15_Metallic.tga using Guid(bf806fc6dbd97274bb65e8f45bbffc57) Importer(815301076,1909f56bfc062723c751e8b465ee728b)  -> (artifact id: '3f64689e254e75fcb7f82e34ae7c4b43') in 0.040250 seconds 
========================================================================
Received Import Request.
  Time since last request: 0.001251 seconds.
  path: Assets/Art/Materials/Textures/walls_vol1/wall15/wall15_Ambient_Occlusion.tga
  artifactKey: Guid(e2f013fef687295409bd0093981e2495) Importer(815301076,1909f56bfc062723c751e8b465ee728b)
Start importing Assets/Art/Materials/Textures/walls_vol1/wall15/wall15_Ambient_Occlusion.tga using Guid(e2f013fef687295409bd0093981e2495) Importer(815301076,1909f56bfc062723c751e8b465ee728b)  -> (artifact id: '84f84df1f73add16f5298a80d4a6abd2') in 0.010142 seconds 
========================================================================
Received Import Request.
  Time since last request: 166.449643 seconds.
  path: Assets/Art/Materials/Dark Sage.mat
  artifactKey: Guid(b9c527833fe76461fa6716c19b5c9e26) Importer(815301076,1909f56bfc062723c751e8b465ee728b)
Start importing Assets/Art/Materials/Dark Sage.mat using Guid(b9c527833fe76461fa6716c19b5c9e26) Importer(815301076,1909f56bfc062723c751e8b465ee728b)  -> (artifact id: '1500e1a31e012cb6cf7e86a05ac519ba') in 0.045997 seconds 
========================================================================
Received Import Request.
  Time since last request: 0.000429 seconds.
  path: Assets/Art/Materials/Gold 1.mat
  artifactKey: Guid(cec74984462974140b22d8585a8d74cb) Importer(815301076,1909f56bfc062723c751e8b465ee728b)
Start importing Assets/Art/Materials/Gold 1.mat using Guid(cec74984462974140b22d8585a8d74cb) Importer(815301076,1909f56bfc062723c751e8b465ee728b)  -> (artifact id: '10337d80c83f488152c805de696990fa') in 0.020667 seconds 
========================================================================
Received Import Request.
  Time since last request: 0.000372 seconds.
  path: Assets/Art/Materials/Middle Sage.mat
  artifactKey: Guid(32d199646a48d4b4fabb3a92c6aa508c) Importer(815301076,1909f56bfc062723c751e8b465ee728b)
Start importing Assets/Art/Materials/Middle Sage.mat using Guid(32d199646a48d4b4fabb3a92c6aa508c) Importer(815301076,1909f56bfc062723c751e8b465ee728b)  -> (artifact id: '893fa896a674736fb05077fac6b3bcb3') in 0.035829 seconds 
========================================================================
Received Import Request.
  Time since last request: 0.000298 seconds.
  path: Assets/Art/Materials/Sage.mat
  artifactKey: Guid(0b3b7041db98442c8861c8c4cd764151) Importer(815301076,1909f56bfc062723c751e8b465ee728b)
Start importing Assets/Art/Materials/Sage.mat using Guid(0b3b7041db98442c8861c8c4cd764151) Importer(815301076,1909f56bfc062723c751e8b465ee728b)  -> (artifact id: '3c3453d23f1cbd3715eb970c944ea642') in 0.021559 seconds 
========================================================================
Received Import Request.
  Time since last request: 5.758467 seconds.
  path: Assets/Art/Materials/GoldFloor.mat
  artifactKey: Guid(cec74984462974140b22d8585a8d74cb) Importer(815301076,1909f56bfc062723c751e8b465ee728b)
Start importing Assets/Art/Materials/GoldFloor.mat using Guid(cec74984462974140b22d8585a8d74cb) Importer(815301076,1909f56bfc062723c751e8b465ee728b)  -> (artifact id: 'a66b0d062110e92c9a6ba927731f8978') in 0.021592 seconds 
========================================================================
Received Import Request.
  Time since last request: 184.662774 seconds.
  path: Assets/Art/Materials/GoldFloor.mat
  artifactKey: Guid(cec74984462974140b22d8585a8d74cb) Importer(815301076,1909f56bfc062723c751e8b465ee728b)
Start importing Assets/Art/Materials/GoldFloor.mat using Guid(cec74984462974140b22d8585a8d74cb) Importer(815301076,1909f56bfc062723c751e8b465ee728b)  -> (artifact id: 'ff0d67c5417a75af88159fd74bac0b49') in 0.089343 seconds 
========================================================================
Received Import Request.
  Time since last request: 55.687481 seconds.
  path: Assets/Art/Materials/Textures/ground_vol1/ground2
  artifactKey: Guid(568f9eb5b58991e4f8d06973df6e539a) Importer(815301076,1909f56bfc062723c751e8b465ee728b)
Start importing Assets/Art/Materials/Textures/ground_vol1/ground2 using Guid(568f9eb5b58991e4f8d06973df6e539a) Importer(815301076,1909f56bfc062723c751e8b465ee728b)  -> (artifact id: '27303191e2e8280de41e9e0508a6eff7') in 0.003731 seconds 
========================================================================
Received Import Request.
  Time since last request: 0.009362 seconds.
  path: Assets/Art/Materials/Textures/ground_vol1/ground2/ground2.mat
  artifactKey: Guid(88d4b65b6d484a1459f780db4b3edd0d) Importer(815301076,1909f56bfc062723c751e8b465ee728b)
Start importing Assets/Art/Materials/Textures/ground_vol1/ground2/ground2.mat using Guid(88d4b65b6d484a1459f780db4b3edd0d) Importer(815301076,1909f56bfc062723c751e8b465ee728b)  -> (artifact id: '6dccd667395af34f8f37804642e18f9a') in 0.042565 seconds 
========================================================================
Received Import Request.
  Time since last request: 0.000348 seconds.
  path: Assets/Art/Materials/Textures/ground_vol1/ground2/ground2_Height.tga
  artifactKey: Guid(cb74fa1f447a9ed4baf1d1bce2326844) Importer(815301076,1909f56bfc062723c751e8b465ee728b)
Start importing Assets/Art/Materials/Textures/ground_vol1/ground2/ground2_Height.tga using Guid(cb74fa1f447a9ed4baf1d1bce2326844) Importer(815301076,1909f56bfc062723c751e8b465ee728b)  -> (artifact id: '6e4e5f4f7941a9347f919315714b10e4') in 0.031900 seconds 
========================================================================
Received Import Request.
  Time since last request: 0.000359 seconds.
  path: Assets/Art/Materials/Textures/ground_vol1/ground2/ground2_Metallic.tga
  artifactKey: Guid(05ec23c4c1d2ad54eaebfd0bf25af051) Importer(815301076,1909f56bfc062723c751e8b465ee728b)
Start importing Assets/Art/Materials/Textures/ground_vol1/ground2/ground2_Metallic.tga using Guid(05ec23c4c1d2ad54eaebfd0bf25af051) Importer(815301076,1909f56bfc062723c751e8b465ee728b)  -> (artifact id: 'eb9049d0c35ab3022e9214da5e210362') in 0.014479 seconds 
========================================================================
Received Import Request.
  Time since last request: 0.000292 seconds.
  path: Assets/Art/Materials/Textures/ground_vol1/ground2/ground2_Ambient_Occlusion.tga
  artifactKey: Guid(cbfdc0c455424e84c94f238e9b9382ec) Importer(815301076,1909f56bfc062723c751e8b465ee728b)
Start importing Assets/Art/Materials/Textures/ground_vol1/ground2/ground2_Ambient_Occlusion.tga using Guid(cbfdc0c455424e84c94f238e9b9382ec) Importer(815301076,1909f56bfc062723c751e8b465ee728b)  -> (artifact id: 'e6b5847d100c98c042d9eddd715f39de') in 0.013315 seconds 
========================================================================
Received Import Request.
  Time since last request: 0.000748 seconds.
  path: Assets/Art/Materials/Textures/ground_vol1/ground2/ground2_Normal.tga
  artifactKey: Guid(f3b2a952874cda74583658ed78a08ef2) Importer(815301076,1909f56bfc062723c751e8b465ee728b)
Start importing Assets/Art/Materials/Textures/ground_vol1/ground2/ground2_Normal.tga using Guid(f3b2a952874cda74583658ed78a08ef2) Importer(815301076,1909f56bfc062723c751e8b465ee728b)  -> (artifact id: 'ab8f382246ee46feb023cf3d6da2a40f') in 0.029225 seconds 
========================================================================
Received Import Request.
  Time since last request: 0.000258 seconds.
  path: Assets/Art/Materials/Textures/ground_vol1/ground2/ground2_Diffuse.tga
  artifactKey: Guid(ef1fbc9bae2718d4a8dbe2baaa01399c) Importer(815301076,1909f56bfc062723c751e8b465ee728b)
Start importing Assets/Art/Materials/Textures/ground_vol1/ground2/ground2_Diffuse.tga using Guid(ef1fbc9bae2718d4a8dbe2baaa01399c) Importer(815301076,1909f56bfc062723c751e8b465ee728b)  -> (artifact id: 'fa37cebf01d3f8e5ea321cae8684b7d0') in 0.011817 seconds 
========================================================================
Received Import Request.
  Time since last request: 36.007780 seconds.
  path: Assets/Art/Materials/GoldFloor.mat
  artifactKey: Guid(cec74984462974140b22d8585a8d74cb) Importer(815301076,1909f56bfc062723c751e8b465ee728b)
Start importing Assets/Art/Materials/GoldFloor.mat using Guid(cec74984462974140b22d8585a8d74cb) Importer(815301076,1909f56bfc062723c751e8b465ee728b)  -> (artifact id: '1aac320c355b1a5827fe73ec286fafee') in 0.028519 seconds 
========================================================================
Received Import Request.
  Time since last request: 29.580898 seconds.
  path: Assets/Scenes/ArenaScene.unity
  artifactKey: Guid(c1b1da90f313449feae1e0e166ce65f6) Importer(815301076,1909f56bfc062723c751e8b465ee728b)
Start importing Assets/Scenes/ArenaScene.unity using Guid(c1b1da90f313449feae1e0e166ce65f6) Importer(815301076,1909f56bfc062723c751e8b465ee728b)  -> (artifact id: '073fe1bdb2b24f5a607e4a3c8be07f5a') in 0.004755 seconds 
========================================================================
Received Import Request.
  Time since last request: 522.727110 seconds.
  path: Assets/Scenes/MainMenu.unity
  artifactKey: Guid(164ac3bfeada34eb7aaa6ebb29e9c8a7) Importer(815301076,1909f56bfc062723c751e8b465ee728b)
Start importing Assets/Scenes/MainMenu.unity using Guid(164ac3bfeada34eb7aaa6ebb29e9c8a7) Importer(815301076,1909f56bfc062723c751e8b465ee728b)  -> (artifact id: '798885e61970a8781c8ac2b0a969f0ad') in 0.004379 seconds 
========================================================================
Received Import Request.
  Time since last request: 26.884273 seconds.
  path: Assets/Scenes/ArenaScene.unity
  artifactKey: Guid(c1b1da90f313449feae1e0e166ce65f6) Importer(815301076,1909f56bfc062723c751e8b465ee728b)
Start importing Assets/Scenes/ArenaScene.unity using Guid(c1b1da90f313449feae1e0e166ce65f6) Importer(815301076,1909f56bfc062723c751e8b465ee728b)  -> (artifact id: 'ea8eaa418989a1db041034522fb90106') in 0.003394 seconds 
========================================================================
Received Import Request.
  Time since last request: 82.707308 seconds.
  path: Assets/Scenes/ArenaScene.unity
  artifactKey: Guid(c1b1da90f313449feae1e0e166ce65f6) Importer(815301076,1909f56bfc062723c751e8b465ee728b)
Start importing Assets/Scenes/ArenaScene.unity using Guid(c1b1da90f313449feae1e0e166ce65f6) Importer(815301076,1909f56bfc062723c751e8b465ee728b)  -> (artifact id: '08775ca6735ed3e48ea1bc595c64be0a') in 0.002124 seconds 
========================================================================
Received Import Request.
  Time since last request: 131.094736 seconds.
  path: Assets/Scenes/ArenaScene.unity
  artifactKey: Guid(c1b1da90f313449feae1e0e166ce65f6) Importer(815301076,1909f56bfc062723c751e8b465ee728b)
Start importing Assets/Scenes/ArenaScene.unity using Guid(c1b1da90f313449feae1e0e166ce65f6) Importer(815301076,1909f56bfc062723c751e8b465ee728b)  -> (artifact id: '3b5d48945eb93f5a94273dec2ffead1d') in 0.003526 seconds 
========================================================================
Received Import Request.
  Time since last request: 25.922469 seconds.
  path: Assets/Scenes/ArenaScene.unity
  artifactKey: Guid(c1b1da90f313449feae1e0e166ce65f6) Importer(815301076,1909f56bfc062723c751e8b465ee728b)
Start importing Assets/Scenes/ArenaScene.unity using Guid(c1b1da90f313449feae1e0e166ce65f6) Importer(815301076,1909f56bfc062723c751e8b465ee728b)  -> (artifact id: '9fab29b29d2566cbc653cfe71f843d50') in 0.003971 seconds 
========================================================================
Received Import Request.
  Time since last request: 105.216025 seconds.
  path: Assets/Art/Graphics for Pipeline/WorldSkies
  artifactKey: Guid(307b39a5269634506bf91422aa5bdb94) Importer(815301076,1909f56bfc062723c751e8b465ee728b)
Start importing Assets/Art/Graphics for Pipeline/WorldSkies using Guid(307b39a5269634506bf91422aa5bdb94) Importer(815301076,1909f56bfc062723c751e8b465ee728b)  -> (artifact id: 'cde88786a93f0ae9c941e313b91f999c') in 0.003815 seconds 
========================================================================
Received Import Request.
  Time since last request: 40.396486 seconds.
  path: Assets/Scenes/ArenaScene.unity
  artifactKey: Guid(c1b1da90f313449feae1e0e166ce65f6) Importer(815301076,1909f56bfc062723c751e8b465ee728b)
Start importing Assets/Scenes/ArenaScene.unity using Guid(c1b1da90f313449feae1e0e166ce65f6) Importer(815301076,1909f56bfc062723c751e8b465ee728b)  -> (artifact id: 'e1a9139fa343a622875f0844ee698c8a') in 0.003044 seconds 
========================================================================
Received Import Request.
  Time since last request: 40.689050 seconds.
  path: Assets/Art/Graphics for Pipeline/UniversalRenderPipelineAsset.asset
  artifactKey: Guid(65aac3fd3384f44b8b1c9020beae61c9) Importer(815301076,1909f56bfc062723c751e8b465ee728b)
Start importing Assets/Art/Graphics for Pipeline/UniversalRenderPipelineAsset.asset using Guid(65aac3fd3384f44b8b1c9020beae61c9) Importer(815301076,1909f56bfc062723c751e8b465ee728b)  -> (artifact id: '3cf921757a4a893d7feb177994f61207') in 0.140604 seconds 
